Compiled jquery.js  (2ms)  (pid 45975)
Compiled jquery_ujs.js  (0ms)  (pid 45975)
Compiled twitter/bootstrap/bootstrap-transition.js  (0ms)  (pid 45975)
Compiled twitter/bootstrap/bootstrap-alert.js  (0ms)  (pid 45975)
Compiled twitter/bootstrap/bootstrap-modal.js  (0ms)  (pid 45975)
Compiled twitter/bootstrap/bootstrap-dropdown.js  (0ms)  (pid 45975)
Compiled twitter/bootstrap/bootstrap-scrollspy.js  (0ms)  (pid 45975)
Compiled twitter/bootstrap/bootstrap-tab.js  (0ms)  (pid 45975)
Compiled twitter/bootstrap/bootstrap-tooltip.js  (0ms)  (pid 45975)
Compiled twitter/bootstrap/bootstrap-popover.js  (0ms)  (pid 45975)
Compiled twitter/bootstrap/bootstrap-button.js  (0ms)  (pid 45975)
Compiled twitter/bootstrap/bootstrap-collapse.js  (0ms)  (pid 45975)
Compiled twitter/bootstrap/bootstrap-carousel.js  (0ms)  (pid 45975)
Compiled twitter/bootstrap/bootstrap-typeahead.js  (0ms)  (pid 45975)
Compiled twitter/bootstrap/bootstrap-affix.js  (0ms)  (pid 45975)
Compiled twitter/bootstrap.js  (123ms)  (pid 45975)
Compiled bootstrap.js  (87ms)  (pid 45975)
Compiled phrases.js  (0ms)  (pid 45975)
Compiled pictures.js  (0ms)  (pid 45975)
Compiled players.js  (0ms)  (pid 45975)
Compiled storylines.js  (0ms)  (pid 45975)
Compiled application.js  (283ms)  (pid 45975)
Compiled bootstrap_and_overrides.css  (997ms)  (pid 45975)
Compiled application.css  (1003ms)  (pid 45975)
Compiled jquery.js  (2ms)  (pid 45975)
Compiled jquery_ujs.js  (0ms)  (pid 45975)
Compiled twitter/bootstrap/bootstrap-transition.js  (0ms)  (pid 45975)
Compiled twitter/bootstrap/bootstrap-alert.js  (0ms)  (pid 45975)
Compiled twitter/bootstrap/bootstrap-modal.js  (0ms)  (pid 45975)
Compiled twitter/bootstrap/bootstrap-dropdown.js  (0ms)  (pid 45975)
Compiled twitter/bootstrap/bootstrap-scrollspy.js  (0ms)  (pid 45975)
Compiled twitter/bootstrap/bootstrap-tab.js  (0ms)  (pid 45975)
Compiled twitter/bootstrap/bootstrap-tooltip.js  (0ms)  (pid 45975)
Compiled twitter/bootstrap/bootstrap-popover.js  (0ms)  (pid 45975)
Compiled twitter/bootstrap/bootstrap-button.js  (0ms)  (pid 45975)
Compiled twitter/bootstrap/bootstrap-collapse.js  (0ms)  (pid 45975)
Compiled twitter/bootstrap/bootstrap-carousel.js  (0ms)  (pid 45975)
Compiled twitter/bootstrap/bootstrap-typeahead.js  (0ms)  (pid 45975)
Compiled twitter/bootstrap/bootstrap-affix.js  (0ms)  (pid 45975)
Compiled twitter/bootstrap.js  (162ms)  (pid 45975)
Compiled bootstrap.js  (81ms)  (pid 45975)
Compiled phrases.js  (0ms)  (pid 45975)
Compiled pictures.js  (0ms)  (pid 45975)
Compiled players.js  (0ms)  (pid 45975)
Compiled storylines.js  (0ms)  (pid 45975)
Compiled application.js  (340ms)  (pid 45975)
Compiled bootstrap_and_overrides.css  (852ms)  (pid 45975)
Compiled application.css  (891ms)  (pid 45975)
Compiled jquery.js  (1ms)  (pid 46179)
Compiled jquery_ujs.js  (0ms)  (pid 46179)
Compiled twitter/bootstrap/bootstrap-transition.js  (0ms)  (pid 46179)
Compiled twitter/bootstrap/bootstrap-alert.js  (0ms)  (pid 46179)
Compiled twitter/bootstrap/bootstrap-modal.js  (0ms)  (pid 46179)
Compiled twitter/bootstrap/bootstrap-dropdown.js  (1ms)  (pid 46179)
Compiled twitter/bootstrap/bootstrap-scrollspy.js  (0ms)  (pid 46179)
Compiled twitter/bootstrap/bootstrap-tab.js  (0ms)  (pid 46179)
Compiled twitter/bootstrap/bootstrap-tooltip.js  (0ms)  (pid 46179)
Compiled twitter/bootstrap/bootstrap-popover.js  (0ms)  (pid 46179)
Compiled twitter/bootstrap/bootstrap-button.js  (0ms)  (pid 46179)
Compiled twitter/bootstrap/bootstrap-collapse.js  (0ms)  (pid 46179)
Compiled twitter/bootstrap/bootstrap-carousel.js  (0ms)  (pid 46179)
Compiled twitter/bootstrap/bootstrap-typeahead.js  (0ms)  (pid 46179)
Compiled twitter/bootstrap/bootstrap-affix.js  (0ms)  (pid 46179)
Compiled twitter/bootstrap.js  (169ms)  (pid 46179)
Compiled bootstrap.js  (61ms)  (pid 46179)
Compiled phrases.js  (0ms)  (pid 46179)
Compiled pictures.js  (0ms)  (pid 46179)
Compiled players.js  (0ms)  (pid 46179)
Compiled storylines.js  (0ms)  (pid 46179)
Compiled application.js  (321ms)  (pid 46179)
Compiled bootstrap_and_overrides.css  (894ms)  (pid 46179)
Compiled application.css  (899ms)  (pid 46179)
Compiled jquery.js  (1ms)  (pid 46179)
Compiled jquery_ujs.js  (0ms)  (pid 46179)
Compiled twitter/bootstrap/bootstrap-transition.js  (0ms)  (pid 46179)
Compiled twitter/bootstrap/bootstrap-alert.js  (0ms)  (pid 46179)
Compiled twitter/bootstrap/bootstrap-modal.js  (0ms)  (pid 46179)
Compiled twitter/bootstrap/bootstrap-dropdown.js  (8ms)  (pid 46179)
Compiled twitter/bootstrap/bootstrap-scrollspy.js  (0ms)  (pid 46179)
Compiled twitter/bootstrap/bootstrap-tab.js  (0ms)  (pid 46179)
Compiled twitter/bootstrap/bootstrap-tooltip.js  (0ms)  (pid 46179)
Compiled twitter/bootstrap/bootstrap-popover.js  (0ms)  (pid 46179)
Compiled twitter/bootstrap/bootstrap-button.js  (0ms)  (pid 46179)
Compiled twitter/bootstrap/bootstrap-collapse.js  (0ms)  (pid 46179)
Compiled twitter/bootstrap/bootstrap-carousel.js  (0ms)  (pid 46179)
Compiled twitter/bootstrap/bootstrap-typeahead.js  (0ms)  (pid 46179)
Compiled twitter/bootstrap/bootstrap-affix.js  (0ms)  (pid 46179)
Compiled twitter/bootstrap.js  (223ms)  (pid 46179)
Compiled bootstrap.js  (79ms)  (pid 46179)
Compiled phrases.js  (0ms)  (pid 46179)
Compiled pictures.js  (0ms)  (pid 46179)
Compiled players.js  (0ms)  (pid 46179)
Compiled storylines.js  (0ms)  (pid 46179)
Compiled application.js  (398ms)  (pid 46179)
Compiled bootstrap_and_overrides.css  (795ms)  (pid 46179)
Compiled application.css  (829ms)  (pid 46179)
Compiled jquery.js  (2ms)  (pid 46209)
Compiled jquery_ujs.js  (0ms)  (pid 46209)
Compiled twitter/bootstrap/bootstrap-transition.js  (0ms)  (pid 46209)
Compiled twitter/bootstrap/bootstrap-alert.js  (0ms)  (pid 46209)
Compiled twitter/bootstrap/bootstrap-modal.js  (0ms)  (pid 46209)
Compiled twitter/bootstrap/bootstrap-dropdown.js  (0ms)  (pid 46209)
Compiled twitter/bootstrap/bootstrap-scrollspy.js  (0ms)  (pid 46209)
Compiled twitter/bootstrap/bootstrap-tab.js  (0ms)  (pid 46209)
Compiled twitter/bootstrap/bootstrap-tooltip.js  (0ms)  (pid 46209)
Compiled twitter/bootstrap/bootstrap-popover.js  (0ms)  (pid 46209)
Compiled twitter/bootstrap/bootstrap-button.js  (0ms)  (pid 46209)
Compiled twitter/bootstrap/bootstrap-collapse.js  (0ms)  (pid 46209)
Compiled twitter/bootstrap/bootstrap-carousel.js  (0ms)  (pid 46209)
Compiled twitter/bootstrap/bootstrap-typeahead.js  (0ms)  (pid 46209)
Compiled twitter/bootstrap/bootstrap-affix.js  (0ms)  (pid 46209)
Compiled twitter/bootstrap.js  (175ms)  (pid 46209)
Compiled bootstrap.js  (56ms)  (pid 46209)
Compiled phrases.js  (0ms)  (pid 46209)
Compiled pictures.js  (0ms)  (pid 46209)
Compiled players.js  (0ms)  (pid 46209)
Compiled storylines.js  (0ms)  (pid 46209)
Compiled application.js  (320ms)  (pid 46209)
Compiled bootstrap_and_overrides.css  (879ms)  (pid 46209)
Compiled application.css  (913ms)  (pid 46209)
Compiled jquery.js  (3ms)  (pid 46209)
Compiled jquery_ujs.js  (0ms)  (pid 46209)
Compiled twitter/bootstrap/bootstrap-transition.js  (0ms)  (pid 46209)
Compiled twitter/bootstrap/bootstrap-alert.js  (0ms)  (pid 46209)
Compiled twitter/bootstrap/bootstrap-modal.js  (0ms)  (pid 46209)
Compiled twitter/bootstrap/bootstrap-dropdown.js  (15ms)  (pid 46209)
Compiled twitter/bootstrap/bootstrap-scrollspy.js  (0ms)  (pid 46209)
Compiled twitter/bootstrap/bootstrap-tab.js  (0ms)  (pid 46209)
Compiled twitter/bootstrap/bootstrap-tooltip.js  (0ms)  (pid 46209)
Compiled twitter/bootstrap/bootstrap-popover.js  (0ms)  (pid 46209)
Compiled twitter/bootstrap/bootstrap-button.js  (0ms)  (pid 46209)
Compiled twitter/bootstrap/bootstrap-collapse.js  (0ms)  (pid 46209)
Compiled twitter/bootstrap/bootstrap-carousel.js  (1ms)  (pid 46209)
Compiled twitter/bootstrap/bootstrap-typeahead.js  (0ms)  (pid 46209)
Compiled twitter/bootstrap/bootstrap-affix.js  (0ms)  (pid 46209)
Compiled twitter/bootstrap.js  (197ms)  (pid 46209)
Compiled bootstrap.js  (82ms)  (pid 46209)
Compiled phrases.js  (0ms)  (pid 46209)
Compiled pictures.js  (0ms)  (pid 46209)
Compiled players.js  (0ms)  (pid 46209)
Compiled storylines.js  (0ms)  (pid 46209)
Compiled application.js  (372ms)  (pid 46209)
Compiled bootstrap_and_overrides.css  (774ms)  (pid 46209)
Compiled application.css  (809ms)  (pid 46209)
Compiled jquery.js  (1ms)  (pid 46452)
Compiled jquery_ujs.js  (0ms)  (pid 46452)
Compiled twitter/bootstrap/bootstrap-transition.js  (0ms)  (pid 46452)
Compiled twitter/bootstrap/bootstrap-alert.js  (0ms)  (pid 46452)
Compiled twitter/bootstrap/bootstrap-modal.js  (0ms)  (pid 46452)
Compiled twitter/bootstrap/bootstrap-dropdown.js  (0ms)  (pid 46452)
Compiled twitter/bootstrap/bootstrap-scrollspy.js  (0ms)  (pid 46452)
Compiled twitter/bootstrap/bootstrap-tab.js  (0ms)  (pid 46452)
Compiled twitter/bootstrap/bootstrap-tooltip.js  (0ms)  (pid 46452)
Compiled twitter/bootstrap/bootstrap-popover.js  (0ms)  (pid 46452)
Compiled twitter/bootstrap/bootstrap-button.js  (0ms)  (pid 46452)
Compiled twitter/bootstrap/bootstrap-collapse.js  (0ms)  (pid 46452)
Compiled twitter/bootstrap/bootstrap-carousel.js  (0ms)  (pid 46452)
Compiled twitter/bootstrap/bootstrap-typeahead.js  (0ms)  (pid 46452)
Compiled twitter/bootstrap/bootstrap-affix.js  (0ms)  (pid 46452)
Compiled twitter/bootstrap.js  (209ms)  (pid 46452)
Compiled bootstrap.js  (64ms)  (pid 46452)
Compiled phrases.js  (0ms)  (pid 46452)
Compiled pictures.js  (0ms)  (pid 46452)
Compiled players.js  (0ms)  (pid 46452)
Compiled storylines.js  (0ms)  (pid 46452)
Compiled application.js  (361ms)  (pid 46452)
Compiled bootstrap_and_overrides.css  (894ms)  (pid 46452)
Compiled application.css  (899ms)  (pid 46452)
Compiled jquery.js  (1ms)  (pid 46452)
Compiled jquery_ujs.js  (0ms)  (pid 46452)
Compiled twitter/bootstrap/bootstrap-transition.js  (0ms)  (pid 46452)
Compiled twitter/bootstrap/bootstrap-alert.js  (0ms)  (pid 46452)
Compiled twitter/bootstrap/bootstrap-modal.js  (0ms)  (pid 46452)
Compiled twitter/bootstrap/bootstrap-dropdown.js  (0ms)  (pid 46452)
Compiled twitter/bootstrap/bootstrap-scrollspy.js  (0ms)  (pid 46452)
Compiled twitter/bootstrap/bootstrap-tab.js  (0ms)  (pid 46452)
Compiled twitter/bootstrap/bootstrap-tooltip.js  (0ms)  (pid 46452)
Compiled twitter/bootstrap/bootstrap-popover.js  (0ms)  (pid 46452)
Compiled twitter/bootstrap/bootstrap-button.js  (1ms)  (pid 46452)
Compiled twitter/bootstrap/bootstrap-collapse.js  (0ms)  (pid 46452)
Compiled twitter/bootstrap/bootstrap-carousel.js  (0ms)  (pid 46452)
Compiled twitter/bootstrap/bootstrap-typeahead.js  (0ms)  (pid 46452)
Compiled twitter/bootstrap/bootstrap-affix.js  (0ms)  (pid 46452)
Compiled twitter/bootstrap.js  (216ms)  (pid 46452)
Compiled bootstrap.js  (55ms)  (pid 46452)
Compiled phrases.js  (0ms)  (pid 46452)
Compiled pictures.js  (0ms)  (pid 46452)
Compiled players.js  (0ms)  (pid 46452)
Compiled storylines.js  (0ms)  (pid 46452)
Compiled application.js  (375ms)  (pid 46452)
Compiled bootstrap_and_overrides.css  (774ms)  (pid 46452)
Compiled application.css  (807ms)  (pid 46452)
Compiled jquery.js  (2ms)  (pid 3831)
Compiled jquery_ujs.js  (0ms)  (pid 3831)
Compiled twitter/bootstrap/bootstrap-transition.js  (0ms)  (pid 3831)
Compiled twitter/bootstrap/bootstrap-alert.js  (0ms)  (pid 3831)
Compiled twitter/bootstrap/bootstrap-modal.js  (0ms)  (pid 3831)
Compiled twitter/bootstrap/bootstrap-dropdown.js  (0ms)  (pid 3831)
Compiled twitter/bootstrap/bootstrap-scrollspy.js  (0ms)  (pid 3831)
Compiled twitter/bootstrap/bootstrap-tab.js  (0ms)  (pid 3831)
Compiled twitter/bootstrap/bootstrap-tooltip.js  (0ms)  (pid 3831)
Compiled twitter/bootstrap/bootstrap-popover.js  (0ms)  (pid 3831)
Compiled twitter/bootstrap/bootstrap-button.js  (0ms)  (pid 3831)
Compiled twitter/bootstrap/bootstrap-collapse.js  (0ms)  (pid 3831)
Compiled twitter/bootstrap/bootstrap-carousel.js  (0ms)  (pid 3831)
Compiled twitter/bootstrap/bootstrap-typeahead.js  (0ms)  (pid 3831)
Compiled twitter/bootstrap/bootstrap-affix.js  (0ms)  (pid 3831)
Compiled twitter/bootstrap.js  (148ms)  (pid 3831)
Compiled sketch.js  (0ms)  (pid 3831)
Compiled bootstrap.js  (92ms)  (pid 3831)
Compiled phrases.js  (0ms)  (pid 3831)
Compiled pictures.js  (0ms)  (pid 3831)
Compiled players.js  (0ms)  (pid 3831)
Compiled storylines.js  (0ms)  (pid 3831)
Compiled application.js  (345ms)  (pid 3831)
Compiled bootstrap_and_overrides.css  (1011ms)  (pid 3831)
Compiled application.css  (1041ms)  (pid 3831)
Compiled jquery.js  (1ms)  (pid 3831)
Compiled jquery_ujs.js  (0ms)  (pid 3831)
Compiled twitter/bootstrap/bootstrap-transition.js  (0ms)  (pid 3831)
Compiled twitter/bootstrap/bootstrap-alert.js  (0ms)  (pid 3831)
Compiled twitter/bootstrap/bootstrap-modal.js  (0ms)  (pid 3831)
Compiled twitter/bootstrap/bootstrap-dropdown.js  (0ms)  (pid 3831)
Compiled twitter/bootstrap/bootstrap-scrollspy.js  (0ms)  (pid 3831)
Compiled twitter/bootstrap/bootstrap-tab.js  (0ms)  (pid 3831)
Compiled twitter/bootstrap/bootstrap-tooltip.js  (0ms)  (pid 3831)
Compiled twitter/bootstrap/bootstrap-popover.js  (0ms)  (pid 3831)
Compiled twitter/bootstrap/bootstrap-button.js  (0ms)  (pid 3831)
Compiled twitter/bootstrap/bootstrap-collapse.js  (0ms)  (pid 3831)
Compiled twitter/bootstrap/bootstrap-carousel.js  (0ms)  (pid 3831)
Compiled twitter/bootstrap/bootstrap-typeahead.js  (0ms)  (pid 3831)
Compiled twitter/bootstrap/bootstrap-affix.js  (0ms)  (pid 3831)
Compiled twitter/bootstrap.js  (142ms)  (pid 3831)
Compiled sketch.js  (0ms)  (pid 3831)
Compiled bootstrap.js  (75ms)  (pid 3831)
Compiled phrases.js  (0ms)  (pid 3831)
Compiled pictures.js  (0ms)  (pid 3831)
Compiled players.js  (0ms)  (pid 3831)
Compiled storylines.js  (0ms)  (pid 3831)
Compiled application.js  (281ms)  (pid 3831)
Compiled bootstrap_and_overrides.css  (772ms)  (pid 3831)
Compiled application.css  (819ms)  (pid 3831)
Compiled jquery.js  (1ms)  (pid 24411)
Compiled jquery_ujs.js  (0ms)  (pid 24411)
Compiled bootstrap/affix.js  (0ms)  (pid 24411)
Compiled bootstrap/alert.js  (0ms)  (pid 24411)
Compiled bootstrap/button.js  (0ms)  (pid 24411)
Compiled bootstrap/carousel.js  (0ms)  (pid 24411)
Compiled bootstrap/collapse.js  (0ms)  (pid 24411)
Compiled bootstrap/dropdown.js  (0ms)  (pid 24411)
Compiled bootstrap/tab.js  (0ms)  (pid 24411)
Compiled bootstrap/transition.js  (0ms)  (pid 24411)
Compiled bootstrap/scrollspy.js  (0ms)  (pid 24411)
Compiled bootstrap/modal.js  (0ms)  (pid 24411)
Compiled bootstrap/tooltip.js  (0ms)  (pid 24411)
Compiled bootstrap/popover.js  (0ms)  (pid 24411)
Compiled bootstrap.js  (140ms)  (pid 24411)
Compiled sketch.js  (0ms)  (pid 24411)
Compiled social-share-button.js  (95ms)  (pid 24411)
Compiled bootstrap_and_overrides.js  (5ms)  (pid 24411)
Compiled phrases.js  (0ms)  (pid 24411)
Compiled pictures.js  (0ms)  (pid 24411)
Compiled players.js  (0ms)  (pid 24411)
Compiled storylines.js  (0ms)  (pid 24411)
Compiled application.js  (368ms)  (pid 24411)
Warning. Error encountered while saving cache /Users/lisafeatherknee/workspace/do_stuff/telephone_pictionary/tmp/cache/sass/6b33d72155011c5c5638d3d5fb8ee3240d3ff71d/application.css.scssc: can't dump anonymous class #<Class:0x007fa9fc3f59f0>
Warning. Error encountered while saving cache /Users/lisafeatherknee/workspace/do_stuff/telephone_pictionary/tmp/cache/sass/7088a82de3e03bd911387d129c100eb57686d7ec/bootstrap.scssc: can't dump anonymous class #<Class:0x007fa9fc3f59f0>
Warning. Error encountered while saving cache /Users/lisafeatherknee/workspace/do_stuff/telephone_pictionary/tmp/cache/sass/6f66df2bbd1c7522d73440a4c091dcabb945cd64/bootstrap.scssc: can't dump anonymous class #<Class:0x007fa9fc3f59f0>
Warning. Error encountered while saving cache /Users/lisafeatherknee/workspace/do_stuff/telephone_pictionary/tmp/cache/sass/6f66df2bbd1c7522d73440a4c091dcabb945cd64/_variables.scssc: can't dump anonymous class #<Class:0x007fa9fc3f59f0>
Warning. Error encountered while saving cache /Users/lisafeatherknee/workspace/do_stuff/telephone_pictionary/tmp/cache/sass/6f66df2bbd1c7522d73440a4c091dcabb945cd64/_mixins.scssc: can't dump anonymous class #<Class:0x007fa9fc3f59f0>
Warning. Error encountered while saving cache /Users/lisafeatherknee/workspace/do_stuff/telephone_pictionary/tmp/cache/sass/6f66df2bbd1c7522d73440a4c091dcabb945cd64/_normalize.scssc: can't dump anonymous class #<Class:0x007fa9fc3f59f0>
Warning. Error encountered while saving cache /Users/lisafeatherknee/workspace/do_stuff/telephone_pictionary/tmp/cache/sass/6f66df2bbd1c7522d73440a4c091dcabb945cd64/_print.scssc: can't dump anonymous class #<Class:0x007fa9fc3f59f0>
Warning. Error encountered while saving cache /Users/lisafeatherknee/workspace/do_stuff/telephone_pictionary/tmp/cache/sass/6f66df2bbd1c7522d73440a4c091dcabb945cd64/_scaffolding.scssc: can't dump anonymous class #<Class:0x007fa9fc3f59f0>
Warning. Error encountered while saving cache /Users/lisafeatherknee/workspace/do_stuff/telephone_pictionary/tmp/cache/sass/6f66df2bbd1c7522d73440a4c091dcabb945cd64/_type.scssc: can't dump anonymous class #<Class:0x007fa9fc3f59f0>
Warning. Error encountered while saving cache /Users/lisafeatherknee/workspace/do_stuff/telephone_pictionary/tmp/cache/sass/6f66df2bbd1c7522d73440a4c091dcabb945cd64/_code.scssc: can't dump anonymous class #<Class:0x007fa9fc3f59f0>
Warning. Error encountered while saving cache /Users/lisafeatherknee/workspace/do_stuff/telephone_pictionary/tmp/cache/sass/6f66df2bbd1c7522d73440a4c091dcabb945cd64/_grid.scssc: can't dump anonymous class #<Class:0x007fa9fc3f59f0>
Warning. Error encountered while saving cache /Users/lisafeatherknee/workspace/do_stuff/telephone_pictionary/tmp/cache/sass/6f66df2bbd1c7522d73440a4c091dcabb945cd64/_tables.scssc: can't dump anonymous class #<Class:0x007fa9fc3f59f0>
Warning. Error encountered while saving cache /Users/lisafeatherknee/workspace/do_stuff/telephone_pictionary/tmp/cache/sass/6f66df2bbd1c7522d73440a4c091dcabb945cd64/_forms.scssc: can't dump anonymous class #<Class:0x007fa9fc3f59f0>
Warning. Error encountered while saving cache /Users/lisafeatherknee/workspace/do_stuff/telephone_pictionary/tmp/cache/sass/6f66df2bbd1c7522d73440a4c091dcabb945cd64/_buttons.scssc: can't dump anonymous class #<Class:0x007fa9fc3f59f0>
Warning. Error encountered while saving cache /Users/lisafeatherknee/workspace/do_stuff/telephone_pictionary/tmp/cache/sass/6f66df2bbd1c7522d73440a4c091dcabb945cd64/_component-animations.scssc: can't dump anonymous class #<Class:0x007fa9fc3f59f0>
Warning. Error encountered while saving cache /Users/lisafeatherknee/workspace/do_stuff/telephone_pictionary/tmp/cache/sass/6f66df2bbd1c7522d73440a4c091dcabb945cd64/_glyphicons.scssc: can't dump anonymous class #<Class:0x007fa9fc3f59f0>
Warning. Error encountered while saving cache /Users/lisafeatherknee/workspace/do_stuff/telephone_pictionary/tmp/cache/sass/6f66df2bbd1c7522d73440a4c091dcabb945cd64/_dropdowns.scssc: can't dump anonymous class #<Class:0x007fa9fc3f59f0>
Warning. Error encountered while saving cache /Users/lisafeatherknee/workspace/do_stuff/telephone_pictionary/tmp/cache/sass/6f66df2bbd1c7522d73440a4c091dcabb945cd64/_button-groups.scssc: can't dump anonymous class #<Class:0x007fa9fc3f59f0>
Warning. Error encountered while saving cache /Users/lisafeatherknee/workspace/do_stuff/telephone_pictionary/tmp/cache/sass/6f66df2bbd1c7522d73440a4c091dcabb945cd64/_input-groups.scssc: can't dump anonymous class #<Class:0x007fa9fc3f59f0>
Warning. Error encountered while saving cache /Users/lisafeatherknee/workspace/do_stuff/telephone_pictionary/tmp/cache/sass/6f66df2bbd1c7522d73440a4c091dcabb945cd64/_navs.scssc: can't dump anonymous class #<Class:0x007fa9fc3f59f0>
Warning. Error encountered while saving cache /Users/lisafeatherknee/workspace/do_stuff/telephone_pictionary/tmp/cache/sass/6f66df2bbd1c7522d73440a4c091dcabb945cd64/_navbar.scssc: can't dump anonymous class #<Class:0x007fa9fc3f59f0>
Warning. Error encountered while saving cache /Users/lisafeatherknee/workspace/do_stuff/telephone_pictionary/tmp/cache/sass/6f66df2bbd1c7522d73440a4c091dcabb945cd64/_breadcrumbs.scssc: can't dump anonymous class #<Class:0x007fa9fc3f59f0>
Warning. Error encountered while saving cache /Users/lisafeatherknee/workspace/do_stuff/telephone_pictionary/tmp/cache/sass/6f66df2bbd1c7522d73440a4c091dcabb945cd64/_pagination.scssc: can't dump anonymous class #<Class:0x007fa9fc3f59f0>
Warning. Error encountered while saving cache /Users/lisafeatherknee/workspace/do_stuff/telephone_pictionary/tmp/cache/sass/6f66df2bbd1c7522d73440a4c091dcabb945cd64/_pager.scssc: can't dump anonymous class #<Class:0x007fa9fc3f59f0>
Warning. Error encountered while saving cache /Users/lisafeatherknee/workspace/do_stuff/telephone_pictionary/tmp/cache/sass/6f66df2bbd1c7522d73440a4c091dcabb945cd64/_labels.scssc: can't dump anonymous class #<Class:0x007fa9fc3f59f0>
Warning. Error encountered while saving cache /Users/lisafeatherknee/workspace/do_stuff/telephone_pictionary/tmp/cache/sass/6f66df2bbd1c7522d73440a4c091dcabb945cd64/_badges.scssc: can't dump anonymous class #<Class:0x007fa9fc3f59f0>
Warning. Error encountered while saving cache /Users/lisafeatherknee/workspace/do_stuff/telephone_pictionary/tmp/cache/sass/6f66df2bbd1c7522d73440a4c091dcabb945cd64/_jumbotron.scssc: can't dump anonymous class #<Class:0x007fa9fc3f59f0>
Warning. Error encountered while saving cache /Users/lisafeatherknee/workspace/do_stuff/telephone_pictionary/tmp/cache/sass/6f66df2bbd1c7522d73440a4c091dcabb945cd64/_thumbnails.scssc: can't dump anonymous class #<Class:0x007fa9fc3f59f0>
Warning. Error encountered while saving cache /Users/lisafeatherknee/workspace/do_stuff/telephone_pictionary/tmp/cache/sass/6f66df2bbd1c7522d73440a4c091dcabb945cd64/_alerts.scssc: can't dump anonymous class #<Class:0x007fa9fc3f59f0>
Warning. Error encountered while saving cache /Users/lisafeatherknee/workspace/do_stuff/telephone_pictionary/tmp/cache/sass/6f66df2bbd1c7522d73440a4c091dcabb945cd64/_progress-bars.scssc: can't dump anonymous class #<Class:0x007fa9fc3f59f0>
Warning. Error encountered while saving cache /Users/lisafeatherknee/workspace/do_stuff/telephone_pictionary/tmp/cache/sass/6f66df2bbd1c7522d73440a4c091dcabb945cd64/_media.scssc: can't dump anonymous class #<Class:0x007fa9fc3f59f0>
Warning. Error encountered while saving cache /Users/lisafeatherknee/workspace/do_stuff/telephone_pictionary/tmp/cache/sass/6f66df2bbd1c7522d73440a4c091dcabb945cd64/_list-group.scssc: can't dump anonymous class #<Class:0x007fa9fc3f59f0>
Warning. Error encountered while saving cache /Users/lisafeatherknee/workspace/do_stuff/telephone_pictionary/tmp/cache/sass/6f66df2bbd1c7522d73440a4c091dcabb945cd64/_panels.scssc: can't dump anonymous class #<Class:0x007fa9fc3f59f0>
Warning. Error encountered while saving cache /Users/lisafeatherknee/workspace/do_stuff/telephone_pictionary/tmp/cache/sass/6f66df2bbd1c7522d73440a4c091dcabb945cd64/_wells.scssc: can't dump anonymous class #<Class:0x007fa9fc3f59f0>
Warning. Error encountered while saving cache /Users/lisafeatherknee/workspace/do_stuff/telephone_pictionary/tmp/cache/sass/6f66df2bbd1c7522d73440a4c091dcabb945cd64/_close.scssc: can't dump anonymous class #<Class:0x007fa9fc3f59f0>
Warning. Error encountered while saving cache /Users/lisafeatherknee/workspace/do_stuff/telephone_pictionary/tmp/cache/sass/6f66df2bbd1c7522d73440a4c091dcabb945cd64/_modals.scssc: can't dump anonymous class #<Class:0x007fa9fc3f59f0>
Warning. Error encountered while saving cache /Users/lisafeatherknee/workspace/do_stuff/telephone_pictionary/tmp/cache/sass/6f66df2bbd1c7522d73440a4c091dcabb945cd64/_tooltip.scssc: can't dump anonymous class #<Class:0x007fa9fc3f59f0>
Warning. Error encountered while saving cache /Users/lisafeatherknee/workspace/do_stuff/telephone_pictionary/tmp/cache/sass/6f66df2bbd1c7522d73440a4c091dcabb945cd64/_popovers.scssc: can't dump anonymous class #<Class:0x007fa9fc3f59f0>
Warning. Error encountered while saving cache /Users/lisafeatherknee/workspace/do_stuff/telephone_pictionary/tmp/cache/sass/6f66df2bbd1c7522d73440a4c091dcabb945cd64/_carousel.scssc: can't dump anonymous class #<Class:0x007fa9fc3f59f0>
Warning. Error encountered while saving cache /Users/lisafeatherknee/workspace/do_stuff/telephone_pictionary/tmp/cache/sass/6f66df2bbd1c7522d73440a4c091dcabb945cd64/_utilities.scssc: can't dump anonymous class #<Class:0x007fa9fc3f59f0>
Warning. Error encountered while saving cache /Users/lisafeatherknee/workspace/do_stuff/telephone_pictionary/tmp/cache/sass/6f66df2bbd1c7522d73440a4c091dcabb945cd64/_responsive-utilities.scssc: can't dump anonymous class #<Class:0x007fa9fc3f59f0>
Warning. Error encountered while saving cache /Users/lisafeatherknee/workspace/do_stuff/telephone_pictionary/tmp/cache/sass/31dfc83f9799861e1a3c9ade65600ffb483eeb12/social-share-button.scssc: can't dump anonymous class #<Class:0x007fa9fc3f59f0>
Compiled social-share-button.css  (63ms)  (pid 24411)
Compiled jquery.js  (2ms)  (pid 29623)
Compiled jquery_ujs.js  (0ms)  (pid 29623)
Compiled twitter/bootstrap/bootstrap-transition.js  (0ms)  (pid 29623)
Compiled twitter/bootstrap/bootstrap-alert.js  (0ms)  (pid 29623)
Compiled twitter/bootstrap/bootstrap-modal.js  (0ms)  (pid 29623)
Compiled twitter/bootstrap/bootstrap-dropdown.js  (0ms)  (pid 29623)
Compiled twitter/bootstrap/bootstrap-scrollspy.js  (0ms)  (pid 29623)
Compiled twitter/bootstrap/bootstrap-tab.js  (0ms)  (pid 29623)
Compiled twitter/bootstrap/bootstrap-tooltip.js  (0ms)  (pid 29623)
Compiled twitter/bootstrap/bootstrap-popover.js  (0ms)  (pid 29623)
Compiled twitter/bootstrap/bootstrap-button.js  (0ms)  (pid 29623)
Compiled twitter/bootstrap/bootstrap-collapse.js  (0ms)  (pid 29623)
Compiled twitter/bootstrap/bootstrap-carousel.js  (0ms)  (pid 29623)
Compiled twitter/bootstrap/bootstrap-typeahead.js  (0ms)  (pid 29623)
Compiled twitter/bootstrap/bootstrap-affix.js  (0ms)  (pid 29623)
Compiled twitter/bootstrap.js  (160ms)  (pid 29623)
Compiled sketch.js  (0ms)  (pid 29623)
Compiled social-share-button.js  (92ms)  (pid 29623)
Compiled bootstrap.js  (4ms)  (pid 29623)
Compiled phrases.js  (0ms)  (pid 29623)
Compiled pictures.js  (0ms)  (pid 29623)
Compiled players.js  (0ms)  (pid 29623)
Compiled storylines.js  (0ms)  (pid 29623)
Compiled application.js  (359ms)  (pid 29623)
Compiled font-awesome.css  (75ms)  (pid 29623)
Warning. Error encountered while saving cache /Users/lisafeatherknee/workspace/do_stuff/telephone_pictionary/tmp/cache/sass/31dfc83f9799861e1a3c9ade65600ffb483eeb12/social-share-button.scssc: can't dump anonymous class #<Class:0x007fb7d362da80>
Compiled social-share-button.css  (87ms)  (pid 29623)
Compiled bootstrap_and_overrides.css  (656ms)  (pid 29623)
Warning. Error encountered while saving cache /Users/lisafeatherknee/workspace/do_stuff/telephone_pictionary/tmp/cache/sass/6b33d72155011c5c5638d3d5fb8ee3240d3ff71d/scaffolds.css.scssc: can't dump anonymous class #<Class:0x007fb7d362da80>
Compiled scaffolds.css  (9ms)  (pid 29623)
Compiled application.css  (862ms)  (pid 29623)
Compiled jquery.js  (2ms)  (pid 29623)
Compiled jquery_ujs.js  (0ms)  (pid 29623)
Compiled twitter/bootstrap/bootstrap-transition.js  (0ms)  (pid 29623)
Compiled twitter/bootstrap/bootstrap-alert.js  (0ms)  (pid 29623)
Compiled twitter/bootstrap/bootstrap-modal.js  (0ms)  (pid 29623)
Compiled twitter/bootstrap/bootstrap-dropdown.js  (0ms)  (pid 29623)
Compiled twitter/bootstrap/bootstrap-scrollspy.js  (0ms)  (pid 29623)
Compiled twitter/bootstrap/bootstrap-tab.js  (0ms)  (pid 29623)
Compiled twitter/bootstrap/bootstrap-tooltip.js  (0ms)  (pid 29623)
Compiled twitter/bootstrap/bootstrap-popover.js  (0ms)  (pid 29623)
Compiled twitter/bootstrap/bootstrap-button.js  (0ms)  (pid 29623)
Compiled twitter/bootstrap/bootstrap-collapse.js  (0ms)  (pid 29623)
Compiled twitter/bootstrap/bootstrap-carousel.js  (0ms)  (pid 29623)
Compiled twitter/bootstrap/bootstrap-typeahead.js  (0ms)  (pid 29623)
Compiled twitter/bootstrap/bootstrap-affix.js  (0ms)  (pid 29623)
Compiled twitter/bootstrap.js  (151ms)  (pid 29623)
Compiled sketch.js  (0ms)  (pid 29623)
Compiled social-share-button.js  (93ms)  (pid 29623)
Compiled bootstrap.js  (4ms)  (pid 29623)
Compiled phrases.js  (0ms)  (pid 29623)
Compiled pictures.js  (0ms)  (pid 29623)
Compiled players.js  (0ms)  (pid 29623)
Compiled storylines.js  (0ms)  (pid 29623)
Compiled application.js  (369ms)  (pid 29623)
Compiled font-awesome.css  (63ms)  (pid 29623)
Warning. Error encountered while saving cache /Users/lisafeatherknee/workspace/do_stuff/telephone_pictionary/tmp/cache/sass/31dfc83f9799861e1a3c9ade65600ffb483eeb12/social-share-button.scssc: can't dump anonymous class #<Class:0x007fe9d5bd34b0>
Compiled social-share-button.css  (54ms)  (pid 29623)
Compiled bootstrap_and_overrides.css  (710ms)  (pid 29623)
Warning. Error encountered while saving cache /Users/lisafeatherknee/workspace/do_stuff/telephone_pictionary/tmp/cache/sass/6b33d72155011c5c5638d3d5fb8ee3240d3ff71d/scaffolds.css.scssc: can't dump anonymous class #<Class:0x007fe9d5bd34b0>
Compiled scaffolds.css  (7ms)  (pid 29623)
Compiled application.css  (868ms)  (pid 29623)
